

> @pecking-order/logger@0.0.1 build
> tsup src/index.ts --format cjs,esm --dts

[34mCLI[39m Building entry: src/index.ts
[34mCLI[39m Using tsconfig: tsconfig.json
[34mCLI[39m tsup v8.5.1
[34mCLI[39m Target: es2020
[34mCJS[39m Build start
[34mESM[39m Build start

[43m[30m WARN [39m[49m [33m▲ [43;33m[[43;30mWARNING[43;33m][0m [1mThe condition "types" here will never be used as it comes after both "import" and "require"[0m [package.json]                                              [90m12:52:43 p.m.[39m

    package.json:10:6:
[37m      10 │       [32m"types"[37m: "./dist/index.d.ts"
         ╵       [32m~~~~~~~[0m

  The "import" condition comes earlier and will be used for all "import" statements:

    package.json:8:6:
[37m      8 │       [32m"import"[37m: "./dist/index.mjs",
        ╵       [32m~~~~~~~~[0m

  The "require" condition comes earlier and will be used for all "require" calls:

    package.json:9:6:
[37m      9 │       [32m"require"[37m: "./dist/index.js",
        ╵       [32m~~~~~~~~~[0m




[43m[30m WARN [39m[49m [33m▲ [43;33m[[43;30mWARNING[43;33m][0m [1mThe condition "types" here will never be used as it comes after both "import" and "require"[0m [package.json]                                              [90m12:52:43 p.m.[39m

    package.json:10:6:
[37m      10 │       [32m"types"[37m: "./dist/index.d.ts"
         ╵       [32m~~~~~~~[0m

  The "import" condition comes earlier and will be used for all "import" statements:

    package.json:8:6:
[37m      8 │       [32m"import"[37m: "./dist/index.mjs",
        ╵       [32m~~~~~~~~[0m

  The "require" condition comes earlier and will be used for all "require" calls:

    package.json:9:6:
[37m      9 │       [32m"require"[37m: "./dist/index.js",
        ╵       [32m~~~~~~~~~[0m



[32mCJS[39m [1mdist/index.js [22m[32m1.85 KB[39m
[32mCJS[39m ⚡️ Build success in 46ms
[32mESM[39m [1mdist/index.mjs [22m[32m882.00 B[39m
[32mESM[39m ⚡️ Build success in 46ms
DTS Build start
DTS ⚡️ Build success in 507ms
DTS dist/index.d.ts  380.00 B
DTS dist/index.d.mts 380.00 B
⠙[1G[0K
